SF:lib\models\weather_model.dart
DA:11,2
DA:22,2
DA:24,2
DA:26,4
DA:28,2
DA:29,2
DA:30,6
DA:31,6
DA:32,4
DA:33,6
DA:34,6
DA:36,6
DA:40,4
DA:41,4
DA:42,5
DA:43,3
DA:44,3
DA:46,0
DA:48,1
DA:49,1
DA:50,1
DA:51,2
DA:52,1
DA:53,5
DA:56,1
LF:25
LH:24
end_of_record
SF:lib\weather\weather_service.dart
DA:9,2
DA:59,1
DA:63,1
DA:65,0
DA:66,0
DA:68,1
DA:71,1
DA:80,3
DA:82,2
DA:83,2
DA:84,1
DA:85,2
DA:86,0
DA:87,2
DA:88,0
DA:90,3
DA:94,2
DA:95,1
DA:96,1
DA:101,1
DA:104,1
DA:106,0
DA:108,1
DA:111,1
DA:112,1
DA:113,1
DA:121,3
DA:123,2
DA:124,2
DA:125,1
DA:127,3
DA:130,2
DA:131,1
DA:136,1
DA:139,1
DA:140,0
DA:142,1
DA:145,1
DA:153,2
DA:154,3
DA:155,3
DA:156,2
DA:157,3
DA:159,1
DA:161,2
DA:163,2
DA:169,1
DA:170,1
LF:48
LH:42
end_of_record
SF:lib\calculator\calculator_logic.dart
DA:15,1
DA:22,1
DA:28,1
DA:29,1
DA:30,1
DA:31,1
DA:32,1
DA:33,1
DA:34,1
DA:35,1
DA:36,1
DA:37,1
DA:38,1
DA:39,1
DA:40,1
DA:41,1
DA:42,1
DA:44,1
DA:53,1
DA:54,1
DA:55,1
DA:57,1
DA:62,1
DA:63,1
DA:64,1
DA:66,1
DA:71,1
DA:72,1
DA:73,1
DA:75,1
DA:80,1
DA:82,1
DA:83,1
DA:91,2
DA:92,1
DA:100,1
DA:101,1
DA:103,2
DA:106,2
DA:107,3
DA:108,3
DA:112,2
DA:113,1
DA:116,1
DA:120,1
DA:121,2
DA:122,1
DA:124,1
DA:130,1
DA:132,1
DA:135,3
DA:136,1
DA:145,1
DA:146,1
DA:153,3
DA:154,1
DA:157,3
DA:162,1
DA:163,2
DA:164,2
DA:168,1
DA:174,1
DA:175,1
DA:182,2
LF:64
LH:64
end_of_record
